<?xml version="1.0" encoding="UTF-8"?>
<testng-results ignored="0" total="1" passed="1" failed="0" skipped="0">
  <reporter-output>
  </reporter-output>
  <suite started-at="2022-07-31T02:07:41 AST" name="Default suite" finished-at="2022-07-31T02:07:49 AST" duration-ms="8054">
    <groups>
    </groups>
    <test started-at="2022-07-31T02:07:41 AST" name="Default test" finished-at="2022-07-31T02:07:49 AST" duration-ms="8054">
      <class name="ass5ApplyingParentaxesmethod.ChromWebDriverParentMethod">
        <test-method is-config="true" signature="setUp()[pri:0, instance:ass5ApplyingParentaxesmethod.ChromWebDriverParentMethod@60dcc9fe]" started-at="2022-07-31T02:07:41 AST" name="setUp" finished-at="2022-07-31T02:07:48 AST" duration-ms="7423" status="PASS">
          <reporter-output>
          </reporter-output>
        </test-method> <!-- setUp -->
        <test-method signature="LearnEnglishWebSite()[pri:0, instance:ass5ApplyingParentaxesmethod.ChromWebDriverParentMethod@60dcc9fe]" started-at="2022-07-31T02:07:48 AST" name="LearnEnglishWebSite" finished-at="2022-07-31T02:07:49 AST" duration-ms="200" status="PASS">
          <reporter-output>
          </reporter-output>
        </test-method> <!-- LearnEnglishWebSite -->
        <test-method is-config="true" signature="terminateBrowser()[pri:0, instance:ass5ApplyingParentaxesmethod.ChromWebDriverParentMethod@60dcc9fe]" started-at="2022-07-31T02:07:49 AST" name="terminateBrowser" finished-at="2022-07-31T02:07:49 AST" duration-ms="341" status="PASS">
          <reporter-output>
          </reporter-output>
        </test-method> <!-- terminateBrowser -->
      </class> <!-- ass5ApplyingParentaxesmethod.ChromWebDriverParentMethod -->
    </test> <!-- Default test -->
  </suite> <!-- Default suite -->
</testng-results>
